Start testing: Nov 10 10:12 MSK
----------------------------------------------------------
1/1 Testing: HtmlEditor_tests
1/1 Test: HtmlEditor_tests
Command: "/home/bogdan.krasilnikov/projects/ood/out/build/mypreset/lab5_cmake/HtmlEditor_tests"
Directory: /home/bogdan.krasilnikov/projects/ood/out/build/mypreset/lab5_cmake
"HtmlEditor_tests" start time: Nov 10 10:12 MSK
Output:
----------------------------------------------------------
===============================================================================
All tests passed (34 assertions in 6 test cases)

<end of output>
Test time =   0.01 sec
----------------------------------------------------------
Test Passed.
"HtmlEditor_tests" end time: Nov 10 10:12 MSK
"HtmlEditor_tests" time elapsed: 00:00:00
----------------------------------------------------------

End testing: Nov 10 10:12 MSK
